<?xml version="1.0" encoding="UTF-8"?>
<!-- Generated by org.testng.reporters.JUnitReportReporter -->
<testsuite hostname="DESKTOP-R3MDHTL" failures="0" tests="5" name="test.TestClass" time="3.714" errors="0" timestamp="2022-08-15T09:09:21 IST" skipped="0">
  <testcase classname="test.TestClass" name="submitbutton" time="0.524"/>
  <system-out>
    <![CDATA[ test case started submitbutton
submit button
test cases successfully passed submitbutton]]>
  </system-out>
  <testcase classname="test.TestClass" name="sendNam" time="0.116"/>
  <system-out>
    <![CDATA[ test case started sendNam
test cases successfully passed sendNam]]>
  </system-out>
  <testcase classname="test.TestClass" name="openTermLife" time="2.672"/>
  <system-out>
    <![CDATA[ test case started openTermLife
test cases successfully passed openTermLife]]>
  </system-out>
  <testcase classname="test.TestClass" name="sendBOD" time="0.228"/>
  <system-out>
    <![CDATA[ test case started sendBOD
test cases successfully passed sendBOD]]>
  </system-out>
  <testcase classname="test.TestClass" name="sendMOB" time="0.174"/>
  <system-out>
    <![CDATA[ test case started sendMOB
test cases successfully passed sendMOB]]>
  </system-out>
</testsuite> <!-- test.TestClass -->
